22:01	Connection reset by 2b2t server. Reconnecting...
22:01	Reconnecting... 
22:04	Connection reset by 2b2t server. Reconnecting...
22:04	Reconnecting... 
22:14	Connection reset by 2b2t server. Reconnecting...
22:14	Reconnecting... 
22:23	Connection error by 2b2t server. Error message: Error: read ECONNRESET Reconnecting...
22:23	Connection reset by 2b2t server. Reconnecting...
22:23	Reconnecting... 
22:23	Reconnecting... 
22:23	Connection error by 2b2t server. Error message: Error: connect ECONNREFUSED 127.0.0.1:25565 Reconnecting...
22:23	Connection reset by 2b2t server. Reconnecting...
22:23	Reconnecting... 
22:23	Reconnecting... 
22:29	Connection error by 2b2t server. Error message: Error: connect ECONNREFUSED 127.0.0.1:25565 Reconnecting...
22:29	Connection reset by 2b2t server. Reconnecting...
22:29	Reconnecting... 
22:29	Reconnecting... 
22:36	Connection reset by 2b2t server. Reconnecting...
22:42	Connection reset by 2b2t server. Reconnecting...
22:44	Connection reset by 2b2t server. Reconnecting...
22:54	Connection error by 2b2t server. Error message: Error: read ECONNRESET Reconnecting...
22:54	Connection reset by 2b2t server. Reconnecting...
22:54	Reconnecting... 
22:54	Reconnecting... 
23:02	Connection reset by 2b2t server. Reconnecting...
23:02	Reconnecting... 
23:27	Connection reset by 2b2t server. Reconnecting...
23:28	Reconnecting... 
23:35	Connection reset by 2b2t server. Reconnecting...
23:35	Reconnecting... 
23:37	Connection error by 2b2t server. Error message: Error: connect ECONNREFUSED 127.0.0.1:25565 Reconnecting...
23:37	Connection reset by 2b2t server. Reconnecting...
23:37	Reconnecting... 
23:37	Reconnecting... 
23:52	Connection reset by 2b2t server. Reconnecting...
23:52	Reconnecting... 
00:12	Connection error by 2b2t server. Error message: Error: read ECONNRESET Reconnecting...
00:12	Connection reset by 2b2t server. Reconnecting...
01:44	Connection reset by 2b2t server. Reconnecting...
01:49	Connection reset by 2b2t server. Reconnecting...
01:49	Reconnecting... 
02:16	Connection reset by 2b2t server. Reconnecting...
02:16	Connection reset by 2b2t server. Reconnecting...
02:18	Connection reset by 2b2t server. Reconnecting...
02:31	Connection reset by 2b2t server. Reconnecting...
02:31	Reconnecting... 
02:31	Connection reset by 2b2t server. Reconnecting...
02:32	Reconnecting... 
03:33	Connection reset by 2b2t server. Reconnecting...
03:33	Reconnecting... 
04:55	Connection reset by 2b2t server. Reconnecting...
04:55	Reconnecting... 
06:13	Connection reset by 2b2t server. Reconnecting...
06:13	Connection error by 2b2t server. Error message: Error: connect ECONNREFUSED 127.0.0.1:25565 Reconnecting...
06:13	Reconnecting... 
06:13	Reconnecting... 
06:14	Connection error by 2b2t server. Error message: Error: connect ECONNREFUSED 127.0.0.1:25565 Reconnecting...
06:14	Connection reset by 2b2t server. Reconnecting...
06:14	Reconnecting... 
06:14	Reconnecting... 
06:19	Connection error by 2b2t server. Error message: Error: connect ECONNREFUSED 127.0.0.1:25565 Reconnecting...
06:19	Connection reset by 2b2t server. Reconnecting...
06:19	Reconnecting... 
06:19	Reconnecting... 
18:42	Connection error by 2b2t server. Error message: Error: connect ECONNREFUSED 127.0.0.1:25565 Reconnecting...
18:42	Connection reset by 2b2t server. Reconnecting...
18:42	Connection error by 2b2t server. Error message: Error: connect ECONNREFUSED 127.0.0.1:25565 Reconnecting...
18:42	Connection reset by 2b2t server. Reconnecting...
18:42	Reconnecting... 
18:42	Reconnecting... 
18:51	Connection error by 2b2t server. Error message: Error: read ECONNRESET Reconnecting...
18:51	Connection reset by 2b2t server. Reconnecting...
18:51	Reconnecting... 
18:51	Reconnecting... 
21:06	Connection reset by 2b2t server. Reconnecting...
00:07	Connection reset by 2b2t server. Reconnecting...
05:35	Queue is finished
21:37	Connection reset by 2b2t server. Reconnecting...
21:37	Reconnecting... 
00:32	Connection reset by 2b2t server. Reconnecting...
05:26	Connection reset by 2b2t server. Reconnecting...
05:26	Reconnecting... 
06:57	Connection reset by 2b2t server. Reconnecting...
06:57	Reconnecting... 
07:01	Connection reset by 2b2t server. Reconnecting...
07:15	Connection reset by 2b2t server. Reconnecting...
07:15	Reconnecting... 
07:25	Connection reset by 2b2t server. Reconnecting...
07:25	Reconnecting... 
07:33	Connection reset by 2b2t server. Reconnecting...
07:33	Reconnecting... 
07:43	Connection reset by 2b2t server. Reconnecting...
07:43	Reconnecting... 
07:54	Connection reset by 2b2t server. Reconnecting...
07:54	Reconnecting... 
